

> blog@0.1.0 build /home/yuvaraj/Desktop/lmnas-turbo/apps/braccoli-bites
> next build

   [1m[38;2;173;127;168m▲ Next.js 15.1.11[39m[22m
   - Environments: .env

 [37m[1m [22m[39m Creating an optimized production build ...
 [32m[1m✓[22m[39m Compiled successfully
[?25l [37m[1m [22m[39m Linting and checking validity of types  [36m.[39m[2K[1G [37m[1m [22m[39m Linting and checking validity of types  [36m..[39m[2K[1G [37m[1m [22m[39m Linting and checking validity of types  [36m...[39m[2K[1G [37m[1m [22m[39m Linting and checking validity of types  [36m.[39m[2K[1G [37m[1m [22m[39m Linting and checking validity of types  [36m..[39m[2K[1G [37m[1m [22m[39m Linting and checking validity of types  [36m...[39m[2K[1G [37m[1m [22m[39m Linting and checking validity of types  [36m.[39m[2K[1G [37m[1m [22m[39m Linting and checking validity of types  [36m..[39m[2K[1G [37m[1m [22m[39m Linting and checking validity of types  [36m...[39m[2K[1G [37m[1m [22m[39m Linting and checking validity of types  [36m.[39m[2K[1G[?25h[31m
Failed to compile.[39m
[?25l [36m.[39m [2K[1G[?25h
./app/page.tsx
3:10  Error: 'useState' is defined but never used.  @typescript-eslint/no-unused-vars
3:20  Error: 'useEffect' is defined but never used.  @typescript-eslint/no-unused-vars
5:15  Error: 'BlogPost' is defined but never used.  @typescript-eslint/no-unused-vars
5:25  Error: 'Category' is defined but never used.  @typescript-eslint/no-unused-vars
26:1  Warning: Prevent client components from being async functions. See: https://nextjs.org/docs/messages/no-async-client-component  @next/next/no-async-client-component

./app/ui/use-toast.ts
18:7  Error: 'actionTypes' is assigned a value but only used as a type.  @typescript-eslint/no-unused-vars

./components/blog/category-filter.ts
18:9  Error: Parsing error: '>' expected.

./lib/graphql/client.ts
22:30  Error: Unexpected any. Specify a different type.  @typescript-eslint/no-explicit-any

info  - Need to disable some ESLint rules? Learn more here: https://nextjs.org/docs/app/api-reference/config/eslint#disabling-rules
[?25l [36m.[39m [?25h[41m[30m ELIFECYCLE [39m[49m [31mCommand failed with exit code 1.[39m
